<?xml version="1.0" encoding="UTF-8"?>
<!-- Generated by org.testng.reporters.JUnitReportReporter -->
<testsuite hostname="DESKTOP-UDIS6JS" failures="0" tests="1" name="MainTest.SignUpTest" time="10.640" errors="0" timestamp="2024-02-28T13:09:06 IST" skipped="0">
  <testcase classname="MainTest.SignUpTest" name="Test" time="10.640"/>
</testsuite> <!-- MainTest.SignUpTest -->
